2024-06-02T17:46:25.452Z FETCHING_ALL_CLAIMS[SSMUTNEJA,] : ERROR : {message : "Got Error while fetching all the Claims." , info : "{ERRMESSAGE : undefined,STATUS : undefined Incorrect number of arguments for PROCEDURE CMSDB.GetPolicyInfoByRegions; expected 6, got 7}"}
2024-06-02T17:46:25.592Z FETCHING_ALL_CLAIMS[SSMUTNEJA,] : ERROR : {message : "Got Error while fetching all the Claims." , info : "{ERRMESSAGE : undefined,STATUS : undefined Incorrect number of arguments for PROCEDURE CMSDB.GetPolicyInfoByRegions; expected 6, got 7}"}
2024-06-02T17:46:29.530Z FETCHING_ALL_CLAIMS[SSMUTNEJA,] : ERROR : {message : "Got Error while fetching all the Claims." , info : "{ERRMESSAGE : undefined,STATUS : undefined Incorrect number of arguments for PROCEDURE CMSDB.GetPolicyInfoByRegions; expected 6, got 7}"}
2024-06-02T17:46:29.561Z FETCHING_ALL_CLAIMS[SSMUTNEJA,] : ERROR : {message : "Got Error while fetching all the Claims." , info : "{ERRMESSAGE : undefined,STATUS : undefined Incorrect number of arguments for PROCEDURE CMSDB.GetPolicyInfoByRegions; expected 6, got 7}"}
2024-06-03T18:47:13.405Z FETCHING_ALL_CLAIMS[SSMUTNEJA,] : ERROR : {message : "Got Error while fetching all the Claims." , info : "{ERRMESSAGE : undefined,STATUS : undefined Incorrect number of arguments for PROCEDURE CMSDB.GetPolicyInfoByRegions; expected 6, got 7}"}
2024-06-03T18:47:13.468Z FETCHING_ALL_CLAIMS[SSMUTNEJA,] : ERROR : {message : "Got Error while fetching all the Claims." , info : "{ERRMESSAGE : undefined,STATUS : undefined Incorrect number of arguments for PROCEDURE CMSDB.GetPolicyInfoByRegions; expected 6, got 7}"}
2024-06-09T09:11:34.143Z LOGGING[SSMUTNEJA,] : ERROR : {message : "Got Error while logging to dashboard." , info : "{ERRMESSAGE : undefined,STATUS : undefined read ECONNRESET}"}
2024-06-09T09:12:08.606Z LOGGING[SSMUTNEJA,] : ERROR : {message : "Got Error while logging to dashboard." , info : "{ERRMESSAGE : undefined,STATUS : undefined read ECONNRESET}"}
2024-06-17T08:35:45.609Z LOGGING[SSMUTNEJA,] : ERROR : {message : "Got Error while logging to dashboard." , info : "{ERRMESSAGE : undefined,STATUS : undefined read ECONNRESET}"}
2024-06-18T18:18:03.964Z FETCHING_ALL_CLAIMS[SSMUTNEJA,] : ERROR : {message : "Got Error while fetching all the Claims." , info : "{ERRMESSAGE : undefined,STATUS : undefined Incorrect number of arguments for PROCEDURE CMSDB.GetPolicyInfoByRegions; expected 8, got 6}"}
2024-06-18T18:18:03.998Z FETCHING_ALL_CLAIMS[SSMUTNEJA,] : ERROR : {message : "Got Error while fetching all the Claims." , info : "{ERRMESSAGE : undefined,STATUS : undefined Incorrect number of arguments for PROCEDURE CMSDB.GetPolicyInfoByRegions; expected 8, got 6}"}
2024-06-18T18:18:18.813Z FETCHING_ALL_CLAIMS[SSMUTNEJA,] : ERROR : {message : "Got Error while fetching all the Claims." , info : "{ERRMESSAGE : undefined,STATUS : undefined Incorrect number of arguments for PROCEDURE CMSDB.GetPolicyInfoByRegions; expected 8, got 6}"}
2024-06-18T18:18:18.873Z FETCHING_ALL_CLAIMS[SSMUTNEJA,] : ERROR : {message : "Got Error while fetching all the Claims." , info : "{ERRMESSAGE : undefined,STATUS : undefined Incorrect number of arguments for PROCEDURE CMSDB.GetPolicyInfoByRegions; expected 8, got 6}"}
2024-06-18T18:18:22.887Z FETCHING_ALL_CLAIMS[SSMUTNEJA,] : ERROR : {message : "Got Error while fetching all the Claims." , info : "{ERRMESSAGE : undefined,STATUS : undefined Incorrect number of arguments for PROCEDURE CMSDB.GetPolicyInfoByRegions; expected 8, got 6}"}
2024-06-18T18:18:22.928Z FETCHING_ALL_CLAIMS[SSMUTNEJA,] : ERROR : {message : "Got Error while fetching all the Claims." , info : "{ERRMESSAGE : undefined,STATUS : undefined Incorrect number of arguments for PROCEDURE CMSDB.GetPolicyInfoByRegions; expected 8, got 6}"}
2024-06-18T18:18:36.760Z FETCHING_ALL_CLAIMS[SSMUTNEJA,] : ERROR : {message : "Got Error while fetching all the Claims." , info : "{ERRMESSAGE : undefined,STATUS : undefined Incorrect number of arguments for PROCEDURE CMSDB.GetPolicyInfoByRegions; expected 8, got 6}"}
2024-06-18T18:18:36.790Z FETCHING_ALL_CLAIMS[SSMUTNEJA,] : ERROR : {message : "Got Error while fetching all the Claims." , info : "{ERRMESSAGE : undefined,STATUS : undefined Incorrect number of arguments for PROCEDURE CMSDB.GetPolicyInfoByRegions; expected 8, got 6}"}
2024-06-18T18:19:12.351Z FETCHING_ALL_CLAIMS[SSMUTNEJA,] : ERROR : {message : "Got Error while fetching all the Claims." , info : "{ERRMESSAGE : undefined,STATUS : undefined Incorrect number of arguments for PROCEDURE CMSDB.GetPolicyInfoByRegions; expected 8, got 6}"}
2024-06-18T18:19:12.393Z FETCHING_ALL_CLAIMS[SSMUTNEJA,] : ERROR : {message : "Got Error while fetching all the Claims." , info : "{ERRMESSAGE : undefined,STATUS : undefined Incorrect number of arguments for PROCEDURE CMSDB.GetPolicyInfoByRegions; expected 8, got 6}"}
2024-06-18T18:19:44.695Z FETCHING_ALL_CLAIMS[SSMUTNEJA,] : ERROR : {message : "Got Error while fetching all the Claims." , info : "{ERRMESSAGE : undefined,STATUS : undefined Incorrect number of arguments for PROCEDURE CMSDB.GetPolicyInfoByRegions; expected 8, got 6}"}
2024-06-18T18:19:44.734Z FETCHING_ALL_CLAIMS[SSMUTNEJA,] : ERROR : {message : "Got Error while fetching all the Claims." , info : "{ERRMESSAGE : undefined,STATUS : undefined Incorrect number of arguments for PROCEDURE CMSDB.GetPolicyInfoByRegions; expected 8, got 6}"}
2024-06-18T18:20:36.485Z FETCHING_ALL_CLAIMS[SSMUTNEJA,] : ERROR : {message : "Got Error while fetching all the Claims." , info : "{ERRMESSAGE : undefined,STATUS : undefined Incorrect number of arguments for PROCEDURE CMSDB.GetPolicyInfoByRegions; expected 8, got 6}"}
2024-06-18T18:20:36.524Z FETCHING_ALL_CLAIMS[SSMUTNEJA,] : ERROR : {message : "Got Error while fetching all the Claims." , info : "{ERRMESSAGE : undefined,STATUS : undefined Incorrect number of arguments for PROCEDURE CMSDB.GetPolicyInfoByRegions; expected 8, got 6}"}
2024-06-18T18:20:49.760Z FETCHING_ALL_CLAIMS[SSMUTNEJA,] : ERROR : {message : "Got Error while fetching all the Claims." , info : "{ERRMESSAGE : undefined,STATUS : undefined Incorrect number of arguments for PROCEDURE CMSDB.GetPolicyInfoByRegions; expected 8, got 6}"}
2024-06-18T18:20:49.806Z FETCHING_ALL_CLAIMS[SSMUTNEJA,] : ERROR : {message : "Got Error while fetching all the Claims." , info : "{ERRMESSAGE : undefined,STATUS : undefined Incorrect number of arguments for PROCEDURE CMSDB.GetPolicyInfoByRegions; expected 8, got 6}"}
2024-06-18T18:22:33.586Z FETCHING_ALL_CLAIMS[SSMUTNEJA,] : ERROR : {message : "Got Error while fetching all the Claims." , info : "{ERRMESSAGE : undefined,STATUS : undefined Unknown column 'CD.Assigned_To' in 'where clause'}"}
2024-06-18T18:22:33.647Z FETCHING_ALL_CLAIMS[SSMUTNEJA,] : ERROR : {message : "Got Error while fetching all the Claims." , info : "{ERRMESSAGE : undefined,STATUS : undefined Unknown column 'CD.Assigned_To' in 'where clause'}"}
2024-06-18T18:22:56.229Z FETCHING_ALL_CLAIMS[SSMUTNEJA,] : ERROR : {message : "Got Error while fetching all the Claims." , info : "{ERRMESSAGE : undefined,STATUS : undefined Unknown column 'CD.Assigned_To' in 'where clause'}"}
2024-06-18T18:22:56.264Z FETCHING_ALL_CLAIMS[SSMUTNEJA,] : ERROR : {message : "Got Error while fetching all the Claims." , info : "{ERRMESSAGE : undefined,STATUS : undefined Unknown column 'CD.Assigned_To' in 'where clause'}"}
2024-06-18T18:25:37.637Z FETCHING_ALL_CLAIMS[SSMUTNEJA,] : ERROR : {message : "Got Error while fetching all the Claims." , info : "{ERRMESSAGE : undefined,STATUS : undefined Unknown column 'CD.Assigned_To' in 'where clause'}"}
2024-06-18T18:25:37.679Z FETCHING_ALL_CLAIMS[SSMUTNEJA,] : ERROR : {message : "Got Error while fetching all the Claims." , info : "{ERRMESSAGE : undefined,STATUS : undefined Unknown column 'CD.Assigned_To' in 'where clause'}"}
2024-06-19T04:33:29.038Z FETCHING_ALL_CLAIMS[SSMUTNEJA,] : ERROR : {message : "Got Error while fetching all the Claims." , info : "{ERRMESSAGE : undefined,STATUS : undefined Unknown column 'CD.Assigned_To' in 'where clause'}"}
2024-06-19T04:33:29.177Z FETCHING_ALL_CLAIMS[SSMUTNEJA,] : ERROR : {message : "Got Error while fetching all the Claims." , info : "{ERRMESSAGE : undefined,STATUS : undefined Unknown column 'CD.Assigned_To' in 'where clause'}"}
2024-06-19T04:34:16.982Z FETCHING_ALL_CLAIMS[SSMUTNEJA,] : ERROR : {message : "Got Error while fetching all the Claims." , info : "{ERRMESSAGE : undefined,STATUS : undefined PROCEDURE CMSDB.GetPolicyInfoByRegionNew does not exist}"}
2024-06-19T04:34:17.036Z FETCHING_ALL_CLAIMS[SSMUTNEJA,] : ERROR : {message : "Got Error while fetching all the Claims." , info : "{ERRMESSAGE : undefined,STATUS : undefined PROCEDURE CMSDB.GetPolicyInfoByRegionNew does not exist}"}
2024-06-20T17:05:34.773Z FETCHING_ALL_CLAIMS[SSMUTNEJA,] : ERROR : {message : "Got Error while fetching all the Claims." , info : "{ERRMESSAGE : undefined,STATUS : undefined Incorrect number of arguments for PROCEDURE CMSDB.GetPolicyInfoByRegions; expected 8, got 7}"}
2024-06-20T17:05:34.817Z FETCHING_ALL_CLAIMS[SSMUTNEJA,] : ERROR : {message : "Got Error while fetching all the Claims." , info : "{ERRMESSAGE : undefined,STATUS : undefined Incorrect number of arguments for PROCEDURE CMSDB.GetPolicyInfoByRegions; expected 8, got 7}"}
2024-08-01T16:57:19.447Z LOGGING[SSMUTNEJA,] : ERROR : {message : "Got Error while logging to dashboard." , info : "{ERRMESSAGE : undefined,STATUS : undefined read ECONNRESET}"}
2024-08-01T16:57:47.710Z LOGGING[SSMUTNEJA,] : ERROR : {message : "Got Error while logging to dashboard." , info : "{ERRMESSAGE : undefined,STATUS : undefined read ECONNRESET}"}
2024-08-01T16:59:33.565Z LOGGING[SSMUTNEJA,] : ERROR : {message : "Got Error while logging to dashboard." , info : "{ERRMESSAGE : undefined,STATUS : undefined read ECONNRESET}"}
2024-08-11T14:30:08.897Z LOGGING[SSMUTNEJA,] : ERROR : {message : "Got Error while logging to dashboard." , info : "{ERRMESSAGE : undefined,STATUS : undefined read ECONNRESET}"}
2024-08-24T14:26:33.289Z FETCHING_ALL_CLAIMS[SSMUTNEJA,] : ERROR : {message : "Got Error while fetching all the Claims." , info : "{ERRMESSAGE : undefined,STATUS : undefined Incorrect number of arguments for PROCEDURE CMSDB.GetPolicyInfoByRegions; expected 8, got 9}"}
2024-08-24T14:26:33.345Z FETCHING_ALL_CLAIMS[SSMUTNEJA,] : ERROR : {message : "Got Error while fetching all the Claims." , info : "{ERRMESSAGE : undefined,STATUS : undefined Incorrect number of arguments for PROCEDURE CMSDB.GetPolicyInfoByRegions; expected 8, got 9}"}
2024-08-24T14:28:08.380Z FETCHING_ALL_CLAIMS[SSMUTNEJA,] : ERROR : {message : "Got Error while fetching all the Claims." , info : "{ERRMESSAGE : undefined,STATUS : undefined Incorrect number of arguments for PROCEDURE CMSDB.GetPolicyInfoByRegions; expected 8, got 7}"}
2024-08-24T14:28:08.390Z FETCHING_ALL_CLAIMS[SSMUTNEJA,] : ERROR : {message : "Got Error while fetching all the Claims." , info : "{ERRMESSAGE : undefined,STATUS : undefined Incorrect number of arguments for PROCEDURE CMSDB.GetPolicyInfoByRegions; expected 8, got 7}"}
2024-08-24T14:29:17.310Z FETCHING_ALL_CLAIMS[SSMUTNEJA,] : ERROR : {message : "Got Error while fetching all the Claims." , info : "{ERRMESSAGE : undefined,STATUS : undefined Incorrect number of arguments for PROCEDURE CMSDB.GetPolicyInfoByRegions; expected 8, got 9}"}
2024-08-24T14:29:17.448Z FETCHING_ALL_CLAIMS[SSMUTNEJA,] : ERROR : {message : "Got Error while fetching all the Claims." , info : "{ERRMESSAGE : undefined,STATUS : undefined Incorrect number of arguments for PROCEDURE CMSDB.GetPolicyInfoByRegions; expected 8, got 9}"}
2024-08-24T16:42:50.407Z LOGGING[SSMUTNEJA,] : ERROR : {message : "Got Error while logging to dashboard." , info : "{ERRMESSAGE : undefined,STATUS : undefined read ECONNRESET}"}
2024-08-24T16:43:05.374Z LOGGING[SSMUTNEJA,] : ERROR : {message : "Got Error while logging to dashboard." , info : "{ERRMESSAGE : undefined,STATUS : undefined getaddrinfo ENOTFOUND cmsdb.cr4iacomkwv1.ap-south-1.rds.amazonaws.com}"}
2024-08-24T16:43:38.675Z LOGGING[SSMUTNEJA,] : ERROR : {message : "Got Error while logging to dashboard." , info : "{ERRMESSAGE : undefined,STATUS : undefined getaddrinfo ENOTFOUND cmsdb.cr4iacomkwv1.ap-south-1.rds.amazonaws.com}"}
2024-08-25T09:03:55.567Z LOGGING[SSMUTNEJA,] : ERROR : {message : "Got Error while logging to dashboard." , info : "{ERRMESSAGE : undefined,STATUS : undefined read ECONNRESET}"}
2024-08-31T04:17:06.964Z FETCHING_ALL_CLAIMS[SSMUTNEJA,] : ERROR : {message : "Got Error while fetching all the Claims." , info : "{ERRMESSAGE : undefined,STATUS : undefined Incorrect number of arguments for PROCEDURE CMSDB.GetPolicyInfoByRegionsUpdated; expected 9, got 8}"}
2024-08-31T04:17:07.290Z FETCHING_ALL_CLAIMS[SSMUTNEJA,] : ERROR : {message : "Got Error while fetching all the Claims." , info : "{ERRMESSAGE : undefined,STATUS : undefined Incorrect number of arguments for PROCEDURE CMSDB.GetPolicyInfoByRegionsUpdated; expected 9, got 8}"}
2024-08-31T04:17:10.257Z FETCHING_ALL_CLAIMS[SSMUTNEJA,] : ERROR : {message : "Got Error while fetching all the Claims." , info : "{ERRMESSAGE : undefined,STATUS : undefined Incorrect number of arguments for PROCEDURE CMSDB.GetPolicyInfoByRegionsUpdated; expected 9, got 8}"}
2024-08-31T04:17:10.325Z FETCHING_ALL_CLAIMS[SSMUTNEJA,] : ERROR : {message : "Got Error while fetching all the Claims." , info : "{ERRMESSAGE : undefined,STATUS : undefined Incorrect number of arguments for PROCEDURE CMSDB.GetPolicyInfoByRegionsUpdated; expected 9, got 8}"}
2024-09-07T11:54:35.223Z FETCHING_ONLINE_VEHICLE_DETAILS[SSMUTNEJA,6781] : ERROR : {message : "Error while fetching vehicle details online: Request failed with status code 422" , info : "{ERRMESSAGE : Request failed with status code 422,STATUS : undefined Request failed with status code 422,error : AxiosError: Request failed with status code 422}}"}
2024-09-07T11:54:52.317Z FETCHING_ONLINE_VEHICLE_DETAILS[SSMUTNEJA,6781] : ERROR : {message : "Error while fetching vehicle details online: Request failed with status code 422" , info : "{ERRMESSAGE : Request failed with status code 422,STATUS : undefined Request failed with status code 422,error : AxiosError: Request failed with status code 422}}"}
2024-09-30T08:52:45.676Z FETCHING_ALL_CLAIMS[SSMUTNEJA,] : ERROR : {message : "Got Error while fetching all the Claims." , info : "{ERRMESSAGE : undefined,STATUS : undefined read ECONNRESET}"}
2024-09-30T08:57:26.485Z FETCHING_ALL_CLAIMS[SSMUTNEJA,] : ERROR : {message : "Got Error while fetching all the Claims." , info : "{ERRMESSAGE : undefined,STATUS : undefined getaddrinfo ENOTFOUND cmsdb.cr4iacomkwv1.ap-south-1.rds.amazonaws.com}"}
2024-12-04T10:11:59.827Z ADDING_CLAIM[ANKIT,] : ERROR : {message : "Got Error while uploading the claim Details Info." , info : "{ERRMESSAGE: undefined, STATUS: undefined Incorrect integer value: 'ANKIT' for column 'AddedBy' at row 1}"}
2024-12-04T10:12:34.128Z ADDING_CLAIM[ANKIT,] : ERROR : {message : "Got Error while uploading the claim Details Info." , info : "{ERRMESSAGE: undefined, STATUS: undefined Incorrect integer value: 'ANKIT' for column 'AddedBy' at row 1}"}
2024-12-04T10:19:21.806Z ADDING_CLAIM[ANKIT,] : ERROR : {message : "Got Error while uploading the claim Details Info." , info : "{ERRMESSAGE: undefined, STATUS: undefined Column count doesn't match value count at row 1}"}
2024-12-04T10:24:13.937Z ADDING_CLAIM[ANKIT,] : ERROR : {message : "Got Error while uploading the claim Details Info." , info : "{ERRMESSAGE: undefined, STATUS: undefined Column count doesn't match value count at row 1}"}
2024-12-04T10:30:59.370Z ADDING_CLAIM[ANKIT,] : ERROR : {message : "Got Error while uploading the claim Details Info." , info : "{ERRMESSAGE: undefined, STATUS: undefined Incorrect integer value: 'ANKIT' for column 'AddedBy' at row 1}"}
2024-12-04T10:49:35.195Z ADDING_CLAIM_DETAILS[0,10753] : ERROR : {message : "Got Error while uploading the claim related details." , info : "{ERRMESSAGE: undefined, STATUS: undefined Incorrect decimal value: '' for column 'EstimatedLoss' at row 1}"}
2024-12-04T10:51:34.292Z ADDING_CLAIM_DETAILS[0,10754] : ERROR : {message : "Got Error while uploading the claim related details." , info : "{ERRMESSAGE: undefined, STATUS: undefined Incorrect decimal value: '' for column 'EstimatedLoss' at row 1}"}
2024-12-04T10:54:36.872Z ADDING_CLAIM_DETAILS[0,10755] : ERROR : {message : "Got Error while uploading the claim related details." , info : "{ERRMESSAGE: undefined, STATUS: undefined Incorrect decimal value: '' for column 'EstimatedLoss' at row 1}"}
2024-12-04T11:01:06.229Z ADDING_CLAIM_DETAILS[0,10756] : ERROR : {message : "Got Error while uploading the claim related details." , info : "{ERRMESSAGE: undefined, STATUS: undefined Incorrect decimal value: '' for column 'EstimatedLoss' at row 1}"}
2024-12-04T11:08:53.244Z ADDING_CLAIM_DETAILS[0,10757] : ERROR : {message : "Got Error while uploading the claim related details." , info : "{ERRMESSAGE: undefined, STATUS: undefined Incorrect decimal value: '' for column 'EstimatedLoss' at row 1}"}
2024-12-04T11:11:41.124Z ADDING_CLAIM_DETAILS[0,10758] : ERROR : {message : "Got Error while uploading the claim related details." , info : "{ERRMESSAGE: undefined, STATUS: undefined Field 'BillID' doesn't have a default value}"}
2024-12-04T11:42:40.616Z ADDING_CLAIM_DETAILS[0,10760] : ERROR : {message : "Got Error while uploading the claim related details." , info : "{ERRMESSAGE: undefined, STATUS: undefined Field 'BillID' doesn't have a default value}"}
2024-12-04T11:52:00.699Z ADDING_CLAIM_DETAILS[0,10761] : ERROR : {message : "Got Error while uploading the claim related details." , info : "{ERRMESSAGE: undefined, STATUS: undefined Field 'BillID' doesn't have a default value}"}
2024-12-04T12:02:27.882Z ADDING_CLAIM_DETAILS[0,10762] : ERROR : {message : "Got Error while uploading the claim related details." , info : "{ERRMESSAGE: undefined, STATUS: undefined Field 'ProcessID' doesn't have a default value}"}
2024-12-04T12:03:17.179Z ADDING_CLAIM_DETAILS[0,10763] : ERROR : {message : "Got Error while uploading the claim related details." , info : "{ERRMESSAGE: undefined, STATUS: undefined Field 'ProcessID' doesn't have a default value}"}
2024-12-04T12:06:52.989Z ADDING_CLAIM_DETAILS[0,10764] : ERROR : {message : "Got Error while uploading the claim related details." , info : "{ERRMESSAGE: undefined, STATUS: undefined Field 'ProcessID' doesn't have a default value}"}
2024-12-04T12:07:04.808Z ADDING_CLAIM_DETAILS[0,10765] : ERROR : {message : "Got Error while uploading the claim related details." , info : "{ERRMESSAGE: undefined, STATUS: undefined Field 'ProcessID' doesn't have a default value}"}
2024-12-04T12:10:26.473Z ADDING_CLAIM_DETAILS[0,10766] : ERROR : {message : "Got Error while uploading the claim related details." , info : "{ERRMESSAGE: undefined, STATUS: undefined Field 'StatusDescription' doesn't have a default value}"}
2024-12-05T05:20:08.057Z ADDING_CLAIM_DETAILS[0,10773] : ERROR : {message : "Got Error while uploading the claim related details." , info : "{ERRMESSAGE: undefined, STATUS: undefined Incorrect decimal value: '' for column 'EstimatedLoss' at row 1}"}
<<<<<<< HEAD
2024-12-05T05:51:19.937Z LOGGING[ANKIT,] : ERROR : {message : "Got Error while logging to dashboard." , info : "{ERRMESSAGE : undefined,STATUS : undefined read ECONNRESET}"}
2024-12-05T06:03:40.640Z LOGGING[ANKIT,] : ERROR : {message : "Got Error while logging to dashboard." , info : "{ERRMESSAGE : undefined,STATUS : undefined read ECONNRESET}"}
2024-12-05T06:04:31.790Z LOGGING[ANKIT,] : ERROR : {message : "Got Error while logging to dashboard." , info : "{ERRMESSAGE : undefined,STATUS : undefined read ECONNRESET}"}
2024-12-05T06:04:39.202Z LOGGING[ANKIT,] : ERROR : {message : "Got Error while logging to dashboard." , info : "{ERRMESSAGE : undefined,STATUS : undefined read ECONNRESET}"}
=======
2024-12-05T09:29:17.894Z LOGGING[ANKIT,] : ERROR : {message : "Got Error while logging to dashboard." , info : "{ERRMESSAGE : undefined,STATUS : undefined read ECONNRESET}"}
2024-12-05T09:30:05.013Z LOGGING[ANKIT,] : ERROR : {message : "Got Error while logging to dashboard." , info : "{ERRMESSAGE : undefined,STATUS : undefined read ECONNRESET}"}
>>>>>>> 09b147c292b4552628736020362ca098ce9920d2
2024-12-05T11:05:14.105Z FETCHING_ALL_CLAIMS[ANKIT,] : ERROR : {message : "Got Error while fetching all the Claims." , info : "{ERRMESSAGE : undefined,STATUS : undefined PROCEDURE autoinsurance.GetAllPolicyInfo does not exist}"}
2024-12-05T11:05:14.347Z FETCHING_ALL_CLAIMS[ANKIT,] : ERROR : {message : "Got Error while fetching all the Claims." , info : "{ERRMESSAGE : undefined,STATUS : undefined PROCEDURE autoinsurance.GetAllPolicyInfo does not exist}"}
2024-12-05T11:05:26.830Z FETCHING_ALL_CLAIMS[ANKIT,] : ERROR : {message : "Got Error while fetching all the Claims." , info : "{ERRMESSAGE : undefined,STATUS : undefined PROCEDURE autoinsurance.GetAllPolicyInfo does not exist}"}
2024-12-05T11:05:27.080Z FETCHING_ALL_CLAIMS[ANKIT,] : ERROR : {message : "Got Error while fetching all the Claims." , info : "{ERRMESSAGE : undefined,STATUS : undefined PROCEDURE autoinsurance.GetAllPolicyInfo does not exist}"}
2024-12-05T11:05:48.065Z FETCHING_ALL_CLAIMS[ANKIT,] : ERROR : {message : "Got Error while fetching all the Claims." , info : "{ERRMESSAGE : undefined,STATUS : undefined PROCEDURE autoinsurance.GetAllPolicyInfo does not exist}"}
2024-12-05T11:05:48.364Z FETCHING_ALL_CLAIMS[ANKIT,] : ERROR : {message : "Got Error while fetching all the Claims." , info : "{ERRMESSAGE : undefined,STATUS : undefined PROCEDURE autoinsurance.GetAllPolicyInfo does not exist}"}
2024-12-05T11:06:19.087Z FETCHING_ALL_CLAIMS[ANKIT,] : ERROR : {message : "Got Error while fetching all the Claims." , info : "{ERRMESSAGE : undefined,STATUS : undefined PROCEDURE autoinsurance.GetAllPolicyInfo does not exist}"}
2024-12-05T11:06:19.335Z FETCHING_ALL_CLAIMS[ANKIT,] : ERROR : {message : "Got Error while fetching all the Claims." , info : "{ERRMESSAGE : undefined,STATUS : undefined PROCEDURE autoinsurance.GetAllPolicyInfo does not exist}"}
2024-12-05T11:07:10.376Z FETCHING_ALL_CLAIMS[ANKIT,] : ERROR : {message : "Got Error while fetching all the Claims." , info : "{ERRMESSAGE : undefined,STATUS : undefined PROCEDURE autoinsurance.GetAllPolicyInfo does not exist}"}
2024-12-05T11:07:10.631Z FETCHING_ALL_CLAIMS[ANKIT,] : ERROR : {message : "Got Error while fetching all the Claims." , info : "{ERRMESSAGE : undefined,STATUS : undefined PROCEDURE autoinsurance.GetAllPolicyInfo does not exist}"}
2024-12-05T11:08:40.289Z FETCHING_ALL_CLAIMS[ANKIT,] : ERROR : {message : "Got Error while fetching all the Claims." , info : "{ERRMESSAGE : undefined,STATUS : undefined PROCEDURE autoinsurance.GetAllPolicyInfo does not exist}"}
2024-12-05T11:08:40.541Z FETCHING_ALL_CLAIMS[ANKIT,] : ERROR : {message : "Got Error while fetching all the Claims." , info : "{ERRMESSAGE : undefined,STATUS : undefined PROCEDURE autoinsurance.GetAllPolicyInfo does not exist}"}
2024-12-05T11:13:21.573Z FETCHING_ALL_CLAIMS[ANKIT,] : ERROR : {message : "Got Error while fetching all the Claims." , info : "{ERRMESSAGE : , STATUS :  PROCEDURE autoinsurance.GetAllPolicyInfo does not exist}"}
2024-12-05T11:13:21.812Z FETCHING_ALL_CLAIMS[ANKIT,] : ERROR : {message : "Got Error while fetching all the Claims." , info : "{ERRMESSAGE : , STATUS :  PROCEDURE autoinsurance.GetAllPolicyInfo does not exist}"}
2024-12-05T11:14:10.429Z FETCHING_ALL_CLAIMS[N/A,] : ERROR : {message : "Got Error while fetching all the Claims." , info : "{ERRMESSAGE : , STATUS :  PROCEDURE autoinsurance.GetAllPolicyInfo does not exist}"}
2024-12-09T09:37:33.297Z LOGGING[ANKIT,] : ERROR : {message : "Got Error while logging to dashboard." , info : "{ERRMESSAGE : undefined,STATUS : undefined read ECONNRESET}"}
2024-12-09T09:38:24.474Z LOGGING[ANKIT,] : ERROR : {message : "Got Error while logging to dashboard." , info : "{ERRMESSAGE : undefined,STATUS : undefined read ECONNRESET}"}
2024-12-10T11:23:01.597Z LOGGING[ANKIT,] : ERROR : {message : "Got Error while logging to dashboard." , info : "{ERRMESSAGE : undefined,STATUS : undefined read ECONNRESET}"}
2024-12-10T11:23:30.533Z LOGGING[ANKIT,] : ERROR : {message : "Got Error while logging to dashboard." , info : "{ERRMESSAGE : undefined,STATUS : undefined read ECONNRESET}"}
